<?xml version="1.0" encoding="UTF-8"?>
<testng-results skipped="0" failed="0" total="1" passed="1">
  <reporter-output>
  </reporter-output>
  <suite name="SampleTest" duration-ms="62320" started-at="2017-06-28T09:41:24Z" finished-at="2017-06-28T09:42:26Z">
    <groups>
    </groups>
    <test name="order" duration-ms="62320" started-at="2017-06-28T09:41:24Z" finished-at="2017-06-28T09:42:26Z">
      <class name="com.qeateam.aws.testngAWS.AppTestNG">
        <test-method status="PASS" signature="validateLogin()[pri:0, instance:com.qeateam.aws.testngAWS.AppTestNG@843fce]" name="validateLogin" duration-ms="62281" started-at="2017-06-28T15:11:24Z" finished-at="2017-06-28T15:12:26Z">
          <reporter-output>
          </reporter-output>
        </test-method> <!-- validateLogin -->
      </class> <!-- com.qeateam.aws.testngAWS.AppTestNG -->
    </test> <!-- order -->
  </suite> <!-- SampleTest -->
</testng-results>
