<?xml version="1.0" encoding="UTF-8"?>
<testng-results skipped="0" failed="0" total="1" passed="1">
  <reporter-output>
  </reporter-output>
  <suite name="SampleTest" duration-ms="60123" started-at="2017-06-28T09:26:53Z" finished-at="2017-06-28T09:27:53Z">
    <groups>
    </groups>
    <test name="order" duration-ms="60123" started-at="2017-06-28T09:26:53Z" finished-at="2017-06-28T09:27:53Z">
      <class name="com.qeateam.aws.testngAWS.AppTestNG">
        <test-method status="PASS" signature="validateLogin()[pri:0, instance:com.qeateam.aws.testngAWS.AppTestNG@843fce]" name="validateLogin" duration-ms="60085" started-at="2017-06-28T14:56:53Z" finished-at="2017-06-28T14:57:53Z">
          <reporter-output>
          </reporter-output>
        </test-method> <!-- validateLogin -->
      </class> <!-- com.qeateam.aws.testngAWS.AppTestNG -->
    </test> <!-- order -->
  </suite> <!-- SampleTest -->
</testng-results>
